<?xml version="1.0" encoding="UTF-8"?>
<!-- Generated by org.testng.reporters.JUnitReportReporter -->
<testsuite hostname="Prasannakumar" failures="0" tests="1" name="Script" time="0.435" errors="0" timestamp="2024-01-19T12:43:56 IST" skipped="0">
  <testcase classname="Script" name="login" time="0.435"/>
  <system-out/>
</testsuite> <!-- Script -->
