<?xml version="1.0" encoding="UTF-8"?>
<!-- Generated by org.testng.reporters.JUnitReportReporter -->
<testsuite hostname="Prasannakumar" failures="0" tests="1" name="DriverScrpit" time="8.229" errors="0" timestamp="2024-01-19T13:07:02 IST" skipped="0">
  <testcase classname="DriverScrpit" name="login" time="8.229"/>
  <system-out/>
</testsuite> <!-- DriverScrpit -->
